<?xml version="1.0" encoding="UTF-8"?>
<!-- Generated by org.testng.reporters.JUnitReportReporter -->
<testsuite skipped="0" hostname="LAPTOP-FT1A29EQ" name="login.Login" tests="2" failures="0" timestamp="2020-02-03T11:56:45 EST" time="53.645" errors="0">
  <testcase name="SingleUse" time="23.098" classname="login.Login"/>
  <system-out/>
  <testcase name="MultiUse" time="30.547" classname="login.Login"/>
  <system-out/>
</testsuite> <!-- login.Login -->
